<?xml version="1.0" encoding="UTF-8"?>
<testsuite xmlns:xsi="http://www.w3.org/2001/XMLSchema-instance" xsi:noNamespaceSchemaLocation="https://maven.apache.org/surefire/maven-surefire-plugin/xsd/surefire-test-report-3.0.xsd" version="3.0" name="com.minilang.ParserTest" time="0.019" tests="9" errors="0" skipped="0" failures="0">
  <properties>
[...]
</properties>
  <testcase name="testParenthesesPrecedence" classname="com.minilang.ParserTest" time="0.001"/>
  <testcase name="testIfElseStatement" classname="com.minilang.ParserTest" time="0.001"/>
  <testcase name="testVarDeclAndAssign" classname="com.minilang.ParserTest" time="0.0"/>
  <testcase name="testASTPrinter" classname="com.minilang.ParserTest" time="0.0"/>
  <testcase name="testWhileStatement" classname="com.minilang.ParserTest" time="0.003"/>
  <testcase name="testOperatorPrecedence" classname="com.minilang.ParserTest" time="0.001"/>
  <testcase name="testUnclosedIfCondition" classname="com.minilang.ParserTest" time="0.002"/>
  <testcase name="testMissingExpressionError" classname="com.minilang.ParserTest" time="0.002"/>
  <testcase name="testMissingSemicolonError" classname="com.minilang.ParserTest" time="0.001"/>
</testsuite>